<?xml version="1.0" encoding="UTF-8"?>
<!-- Generated by org.testng.reporters.JUnitXMLReporter -->
<testsuite hostname="LAPTOP-DEFT9I3H" ignored="3" name="Regression TestMsedge" tests="10" failures="1" timestamp="2020-07-26T18:54:56 IST" time="99.536" errors="0">
  <testcase name="getWebsite" time="4.53" classname="com.zigwheels.test.ZigwheelsTest"/>
  <testcase name="usedCars" time="8.585" classname="com.zigwheels.test.ZigwheelsTest"/>
  <testcase name="assertCars" time="0.023" classname="com.zigwheels.test.ZigwheelsTest"/>
  <testcase name="switchLogin" time="4.471" classname="com.zigwheels.test.ZigwheelsTest"/>
  <testcase name="LoginPage" time="0.266" classname="com.zigwheels.test.ZigwheelsTest"/>
  <testcase name="assertBug" time="30.748" classname="com.zigwheels.test.ZigwheelsTest">
    <failure type="java.lang.AssertionError" message="expected [Sorry, something went wrong.] but found [Sorry, something went wrong.1]">
      <![CDATA[java.lang.AssertionError: expected [Sorry, something went wrong.] but found [Sorry, something went wrong.1]
at com.zigwheels.test.ZigwheelsTest.assertBug(ZigwheelsTest.java:238)
at java.util.ArrayList.forEach(ArrayList.java:1259)
... Removed 32 stack frames]]>
    </failure>
  </testcase> <!-- assertBug -->
  <testcase name="getWebsite" time="5.927" classname="com.zigwheels.test.ZigWheelsValidTest"/>
  <testcase name="Login" time="5.733" classname="com.zigwheels.test.ZigWheelsValidTest"/>
  <testcase name="LoginPage" time="0.225" classname="com.zigwheels.test.ZigWheelsValidTest"/>
  <testcase name="assertReEnterPass" time="23.081" classname="com.zigwheels.test.ZigWheelsValidTest"/>
  <testcase name="uiHandles" time="0.0" classname="com.zigwheels.test.ZigwheelsTest">
    <ignored/>
  </testcase> <!-- uiHandles -->
  <testcase name="takeScreenshot" time="0.0" classname="com.zigwheels.test.ZigwheelsTest">
    <ignored/>
  </testcase> <!-- takeScreenshot -->
  <testcase name="writeExcel" time="0.0" classname="com.zigwheels.test.ZigwheelsTest">
    <ignored/>
  </testcase> <!-- writeExcel -->
</testsuite> <!-- Regression TestMsedge -->
