<?xml version="1.0" encoding="UTF-8"?>
<!-- Generated by org.testng.reporters.JUnitXMLReporter -->
<testsuite hostname="LAPTOP-DEFT9I3H" ignored="3" name="Regression TestFirefox" tests="10" failures="0" timestamp="2020-07-29T17:14:16 IST" time="119.428" errors="0">
  <testcase name="getWebsite" time="10.092" classname="com.zigwheels.test.ZigwheelsTest"/>
  <testcase name="usedCars" time="6.957" classname="com.zigwheels.test.ZigwheelsTest"/>
  <testcase name="assertCars" time="0.047" classname="com.zigwheels.test.ZigwheelsTest"/>
  <testcase name="switchLogin" time="4.198" classname="com.zigwheels.test.ZigwheelsTest"/>
  <testcase name="LoginPage" time="5.926" classname="com.zigwheels.test.ZigwheelsTest"/>
  <testcase name="assertBug" time="29.331" classname="com.zigwheels.test.ZigwheelsTest"/>
  <testcase name="getWebsite" time="9.533" classname="com.zigwheels.test.ZigWheelsValidTest"/>
  <testcase name="Login" time="5.105" classname="com.zigwheels.test.ZigWheelsValidTest"/>
  <testcase name="LoginPage" time="5.831" classname="com.zigwheels.test.ZigWheelsValidTest"/>
  <testcase name="assertReEnterPass" time="20.581" classname="com.zigwheels.test.ZigWheelsValidTest"/>
  <testcase name="uiHandles" time="0.0" classname="com.zigwheels.test.ZigwheelsTest">
    <ignored/>
  </testcase> <!-- uiHandles -->
  <testcase name="takeScreenshot" time="0.0" classname="com.zigwheels.test.ZigwheelsTest">
    <ignored/>
  </testcase> <!-- takeScreenshot -->
  <testcase name="writeExcel" time="0.0" classname="com.zigwheels.test.ZigwheelsTest">
    <ignored/>
  </testcase> <!-- writeExcel -->
</testsuite> <!-- Regression TestFirefox -->
