<?xml version="1.0" encoding="UTF-8"?>
<!-- Generated by org.testng.reporters.JUnitXMLReporter -->
<testsuite hostname="LAPTOP-DEFT9I3H" ignored="5" name="Smoke TestChrome" tests="4" failures="0" timestamp="2020-07-24T20:40:54 IST" time="15.278" errors="0">
  <testcase name="getWebsite" time="2.07" classname="com.zigwheels.test.ZigwheelsTest"/>
  <testcase name="uiHandles" time="0.896" classname="com.zigwheels.test.ZigwheelsTest"/>
  <testcase name="takeScreenshot" time="4.877" classname="com.zigwheels.test.ZigwheelsTest"/>
  <testcase name="writeExcel" time="1.396" classname="com.zigwheels.test.ZigwheelsTest"/>
  <testcase name="switchLogin" time="0.0" classname="com.zigwheels.test.ZigwheelsTest">
    <ignored/>
  </testcase> <!-- switchLogin -->
  <testcase name="assertCars" time="0.0" classname="com.zigwheels.test.ZigwheelsTest">
    <ignored/>
  </testcase> <!-- assertCars -->
  <testcase name="LoginPage" time="0.0" classname="com.zigwheels.test.ZigwheelsTest">
    <ignored/>
  </testcase> <!-- LoginPage -->
  <testcase name="usedCars" time="0.0" classname="com.zigwheels.test.ZigwheelsTest">
    <ignored/>
  </testcase> <!-- usedCars -->
  <testcase name="assertBug" time="0.0" classname="com.zigwheels.test.ZigwheelsTest">
    <ignored/>
  </testcase> <!-- assertBug -->
</testsuite> <!-- Smoke TestChrome -->
