<?xml version="1.0" encoding="UTF-8"?>
<!-- Generated by org.testng.reporters.JUnitXMLReporter -->
<testsuite hostname="LAPTOP-DEFT9I3H" ignored="5" name="Smoke TestChrome" tests="4" failures="0" timestamp="2020-07-26T13:43:40 IST" time="17.802" errors="0">
  <testcase name="getWebsite" time="2.381" classname="com.zigwheels.test.ZigwheelsTest"/>
  <testcase name="uiHandles" time="3.442" classname="com.zigwheels.test.ZigwheelsTest"/>
  <testcase name="takeScreenshot" time="4.492" classname="com.zigwheels.test.ZigwheelsTest"/>
  <testcase name="writeExcel" time="0.616" classname="com.zigwheels.test.ZigwheelsTest"/>
  <testcase name="switchLogin" time="0.0" classname="com.zigwheels.test.ZigwheelsTest">
    <ignored/>
  </testcase> <!-- switchLogin -->
  <testcase name="assertCars" time="0.0" classname="com.zigwheels.test.ZigwheelsTest">
    <ignored/>
  </testcase> <!-- assertCars -->
  <testcase name="LoginPage" time="0.0" classname="com.zigwheels.test.ZigwheelsTest">
    <ignored/>
  </testcase> <!-- LoginPage -->
  <testcase name="usedCars" time="0.0" classname="com.zigwheels.test.ZigwheelsTest">
    <ignored/>
  </testcase> <!-- usedCars -->
  <testcase name="assertBug" time="0.0" classname="com.zigwheels.test.ZigwheelsTest">
    <ignored/>
  </testcase> <!-- assertBug -->
</testsuite> <!-- Smoke TestChrome -->
