<?xml version="1.0" encoding="UTF-8"?>
<!-- Generated by org.testng.reporters.JUnitXMLReporter -->
<testsuite hostname="LAPTOP-DEFT9I3H" ignored="5" name="Smoke TestFirefox" tests="4" failures="1" timestamp="2020-07-26T14:03:51 IST" time="42.152" errors="0">
  <testcase name="getWebsite" time="13.111" classname="com.zigwheels.test.ZigwheelsTest"/>
  <testcase name="uiHandles" time="10.405" classname="com.zigwheels.test.ZigwheelsTest"/>
  <testcase name="takeScreenshot" time="4.535" classname="com.zigwheels.test.ZigwheelsTest"/>
  <testcase name="writeExcel" time="0.645" classname="com.zigwheels.test.ZigwheelsTest">
    <failure type="java.lang.AssertionError" message="Upcoming bikes written to Excel data incorrect expected [true] but found [false]">
      <![CDATA[java.lang.AssertionError: Upcoming bikes written to Excel data incorrect expected [true] but found [false]
at com.zigwheels.test.ZigwheelsTest.writeExcel(ZigwheelsTest.java:102)
at java.util.ArrayList.forEach(ArrayList.java:1259)
... Removed 30 stack frames]]>
    </failure>
  </testcase> <!-- writeExcel -->
  <testcase name="switchLogin" time="0.0" classname="com.zigwheels.test.ZigwheelsTest">
    <ignored/>
  </testcase> <!-- switchLogin -->
  <testcase name="assertCars" time="0.0" classname="com.zigwheels.test.ZigwheelsTest">
    <ignored/>
  </testcase> <!-- assertCars -->
  <testcase name="LoginPage" time="0.0" classname="com.zigwheels.test.ZigwheelsTest">
    <ignored/>
  </testcase> <!-- LoginPage -->
  <testcase name="usedCars" time="0.0" classname="com.zigwheels.test.ZigwheelsTest">
    <ignored/>
  </testcase> <!-- usedCars -->
  <testcase name="assertBug" time="0.0" classname="com.zigwheels.test.ZigwheelsTest">
    <ignored/>
  </testcase> <!-- assertBug -->
</testsuite> <!-- Smoke TestFirefox -->
