<?xml version="1.0" encoding="UTF-8"?>
<!-- Generated by org.testng.reporters.JUnitXMLReporter -->
<testsuite hostname="LAPTOP-DEFT9I3H" ignored="5" name="Smoke TestMsedge" tests="4" failures="0" timestamp="2020-07-26T13:44:12 IST" time="31.87" errors="0">
  <testcase name="getWebsite" time="6.659" classname="com.zigwheels.test.ZigwheelsTest"/>
  <testcase name="uiHandles" time="7.206" classname="com.zigwheels.test.ZigwheelsTest"/>
  <testcase name="takeScreenshot" time="4.974" classname="com.zigwheels.test.ZigwheelsTest"/>
  <testcase name="writeExcel" time="0.902" classname="com.zigwheels.test.ZigwheelsTest"/>
  <testcase name="switchLogin" time="0.0" classname="com.zigwheels.test.ZigwheelsTest">
    <ignored/>
  </testcase> <!-- switchLogin -->
  <testcase name="assertCars" time="0.0" classname="com.zigwheels.test.ZigwheelsTest">
    <ignored/>
  </testcase> <!-- assertCars -->
  <testcase name="LoginPage" time="0.0" classname="com.zigwheels.test.ZigwheelsTest">
    <ignored/>
  </testcase> <!-- LoginPage -->
  <testcase name="usedCars" time="0.0" classname="com.zigwheels.test.ZigwheelsTest">
    <ignored/>
  </testcase> <!-- usedCars -->
  <testcase name="assertBug" time="0.0" classname="com.zigwheels.test.ZigwheelsTest">
    <ignored/>
  </testcase> <!-- assertBug -->
</testsuite> <!-- Smoke TestMsedge -->
