<?xml version="1.0" encoding="UTF-8"?>
<testsuite xmlns:xsi="http://www.w3.org/2001/XMLSchema-instance" xsi:noNamespaceSchemaLocation="https://maven.apache.org/surefire/maven-surefire-plugin/xsd/surefire-test-report-3.0.xsd" version="3.0" name="TestSuite" time="416.646" tests="42" errors="0" skipped="0" failures="0">
  <properties>
[...]
</properties>
  <testcase name="getWebsite" classname="com.zigwheels.test.ZigwheelsTest" time="1.322">
    <system-err><![CDATA[Jul 29, 2020 5:18:33 PM org.openqa.selenium.remote.DesiredCapabilities firefox
INFO: Using `new FirefoxOptions()` is preferred to `DesiredCapabilities.firefox()`
Jul 29, 2020 5:18:39 PM org.openqa.selenium.remote.ProtocolHandshake createSession
INFO: Detected dialect: W3C
]]></system-err>
  </testcase>
  <testcase name="getWebsite" classname="com.zigwheels.test.ZigwheelsTest" time="6.353">
    <system-err><![CDATA[log4j:WARN No appenders could be found for logger (freemarker.cache).
log4j:WARN Please initialize the log4j system properly.
log4j:WARN See http://logging.apache.org/log4j/1.2/faq.html#noconfig for more info.
Jul 29, 2020 5:19:03 PM org.openqa.selenium.remote.DesiredCapabilities chrome
INFO: Using `new ChromeOptions()` is preferred to `DesiredCapabilities.chrome()`
Jul 29, 2020 5:19:09 PM org.openqa.selenium.remote.ProtocolHandshake createSession
INFO: Detected dialect: W3C
]]></system-err>
  </testcase>
  <testcase name="getWebsite" classname="com.zigwheels.test.ZigwheelsTest" time="8.527">
    <system-err><![CDATA[Jul 29, 2020 5:19:28 PM org.openqa.selenium.remote.DesiredCapabilities edge
INFO: Using `new EdgeOptions()` is preferred to `DesiredCapabilities.edge()`
Jul 29, 2020 5:19:34 PM org.openqa.selenium.remote.ProtocolHandshake createSession
INFO: Detected dialect: W3C
]]></system-err>
  </testcase>
  <testcase name="getWebsite" classname="com.zigwheels.test.ZigwheelsTest" time="8.068">
    <system-err><![CDATA[Jul 29, 2020 5:19:56 PM org.openqa.selenium.remote.DesiredCapabilities firefox
INFO: Using `new FirefoxOptions()` is preferred to `DesiredCapabilities.firefox()`
Jul 29, 2020 5:20:01 PM org.openqa.selenium.remote.ProtocolHandshake createSession
INFO: Detected dialect: W3C
]]></system-err>
  </testcase>
  <testcase name="getWebsite" classname="com.zigwheels.test.ZigwheelsTest" time="1.596">
    <system-err><![CDATA[Jul 29, 2020 5:21:56 PM org.openqa.selenium.remote.DesiredCapabilities chrome
INFO: Using `new ChromeOptions()` is preferred to `DesiredCapabilities.chrome()`
Jul 29, 2020 5:22:00 PM org.openqa.selenium.remote.ProtocolHandshake createSession
INFO: Detected dialect: W3C
]]></system-err>
  </testcase>
  <testcase name="getWebsite" classname="com.zigwheels.test.ZigwheelsTest" time="9.489">
    <system-err><![CDATA[Jul 29, 2020 5:23:37 PM org.openqa.selenium.remote.DesiredCapabilities edge
INFO: Using `new EdgeOptions()` is preferred to `DesiredCapabilities.edge()`
Jul 29, 2020 5:23:42 PM org.openqa.selenium.remote.ProtocolHandshake createSession
INFO: Detected dialect: W3C
]]></system-err>
  </testcase>
  <testcase name="uiHandles" classname="com.zigwheels.test.ZigwheelsTest" time="7.473"/>
  <testcase name="uiHandles" classname="com.zigwheels.test.ZigwheelsTest" time="5.716"/>
  <testcase name="uiHandles" classname="com.zigwheels.test.ZigwheelsTest" time="5.176"/>
  <testcase name="takeScreenshot" classname="com.zigwheels.test.ZigwheelsTest" time="3.623"/>
  <testcase name="takeScreenshot" classname="com.zigwheels.test.ZigwheelsTest" time="4.139"/>
  <testcase name="takeScreenshot" classname="com.zigwheels.test.ZigwheelsTest" time="3.926"/>
  <testcase name="writeExcel[valid_products_mozilla](1)" classname="com.zigwheels.test.ZigwheelsTest" time="0.931">
    <system-out><![CDATA[Honda CB Hornet 160R
Rs. 86,500
1 Aug 2020

Honda CBF190R
Rs. 1.1 Lakh
August 2020

Honda CB Hornet 200R
Rs. 1.3 Lakh
October 2020

0



]]></system-out>
  </testcase>
  <testcase name="writeExcel[valid_products_chrome](1)" classname="com.zigwheels.test.ZigwheelsTest" time="0.533">
    <system-out><![CDATA[Honda CB Hornet 160R
Rs. 86,500
1 Aug 2020

Honda CBF190R
Rs. 1.1 Lakh
August 2020

Honda CB Hornet 200R
Rs. 1.3 Lakh
October 2020

2



]]></system-out>
  </testcase>
  <testcase name="writeExcel[valid_products_msedge](1)" classname="com.zigwheels.test.ZigwheelsTest" time="0.387">
    <system-out><![CDATA[Honda CB Hornet 160R
Rs. 86,500
1 Aug 2020

Honda CBF190R
Rs. 1.1 Lakh
August 2020

Honda CB Hornet 200R
Rs. 1.3 Lakh
October 2020

1



]]></system-out>
  </testcase>
  <testcase name="usedCars" classname="com.zigwheels.test.ZigwheelsTest" time="6.858"/>
  <testcase name="usedCars" classname="com.zigwheels.test.ZigwheelsTest" time="10.406"/>
  <testcase name="usedCars" classname="com.zigwheels.test.ZigwheelsTest" time="8.646"/>
  <testcase name="assertCars" classname="com.zigwheels.test.ZigwheelsTest" time="0.046"/>
  <testcase name="assertCars" classname="com.zigwheels.test.ZigwheelsTest" time="0.029"/>
  <testcase name="assertCars" classname="com.zigwheels.test.ZigwheelsTest" time="0.029"/>
  <testcase name="switchLogin" classname="com.zigwheels.test.ZigwheelsTest" time="4.107"/>
  <testcase name="switchLogin" classname="com.zigwheels.test.ZigwheelsTest" time="5.52"/>
  <testcase name="switchLogin" classname="com.zigwheels.test.ZigwheelsTest" time="5.763"/>
  <testcase name="LoginPage[readExcel](1)" classname="com.zigwheels.test.ZigwheelsTest" time="6.233"/>
  <testcase name="LoginPage[readExcel](1)" classname="com.zigwheels.test.ZigwheelsTest" time="0.361"/>
  <testcase name="LoginPage[readExcel](1)" classname="com.zigwheels.test.ZigwheelsTest" time="0.246"/>
  <testcase name="assertBug" classname="com.zigwheels.test.ZigwheelsTest" time="28.235"/>
  <testcase name="assertBug" classname="com.zigwheels.test.ZigwheelsTest" time="34.166"/>
  <testcase name="assertBug" classname="com.zigwheels.test.ZigwheelsTest" time="34.264"/>
  <testcase name="getWebsite" classname="com.zigwheels.test.ZigWheelsValidTest" time="12.019">
    <system-err><![CDATA[Jul 29, 2020 5:20:57 PM org.openqa.selenium.remote.DesiredCapabilities firefox
INFO: Using `new FirefoxOptions()` is preferred to `DesiredCapabilities.firefox()`
Jul 29, 2020 5:21:05 PM org.openqa.selenium.remote.ProtocolHandshake createSession
INFO: Detected dialect: W3C
]]></system-err>
  </testcase>
  <testcase name="getWebsite" classname="com.zigwheels.test.ZigWheelsValidTest" time="5.121">
    <system-err><![CDATA[Jul 29, 2020 5:22:54 PM org.openqa.selenium.remote.DesiredCapabilities chrome
INFO: Using `new ChromeOptions()` is preferred to `DesiredCapabilities.chrome()`
Jul 29, 2020 5:22:58 PM org.openqa.selenium.remote.ProtocolHandshake createSession
INFO: Detected dialect: W3C
]]></system-err>
  </testcase>
  <testcase name="getWebsite" classname="com.zigwheels.test.ZigWheelsValidTest" time="9.389">
    <system-err><![CDATA[Jul 29, 2020 5:24:43 PM org.openqa.selenium.remote.DesiredCapabilities edge
INFO: Using `new EdgeOptions()` is preferred to `DesiredCapabilities.edge()`
Jul 29, 2020 5:24:47 PM org.openqa.selenium.remote.ProtocolHandshake createSession
INFO: Detected dialect: W3C
]]></system-err>
  </testcase>
  <testcase name="Login" classname="com.zigwheels.test.ZigWheelsValidTest" time="5.127"/>
  <testcase name="Login" classname="com.zigwheels.test.ZigWheelsValidTest" time="6.47"/>
  <testcase name="Login" classname="com.zigwheels.test.ZigWheelsValidTest" time="6.489"/>
  <testcase name="LoginPage[readExcel](1)" classname="com.zigwheels.test.ZigWheelsValidTest" time="5.81"/>
  <testcase name="LoginPage[readExcel](1)" classname="com.zigwheels.test.ZigWheelsValidTest" time="0.325"/>
  <testcase name="LoginPage[readExcel](1)" classname="com.zigwheels.test.ZigWheelsValidTest" time="0.225"/>
  <testcase name="assertReEnterPass" classname="com.zigwheels.test.ZigWheelsValidTest" time="19.891"/>
  <testcase name="assertReEnterPass" classname="com.zigwheels.test.ZigWheelsValidTest" time="24.518"/>
  <testcase name="assertReEnterPass" classname="com.zigwheels.test.ZigWheelsValidTest" time="22.442"/>
</testsuite>