<?xml version="1.0" encoding="UTF-8"?>
<!-- Generated by org.testng.reporters.JUnitXMLReporter -->
<testsuite hostname="LAPTOP-DEFT9I3H" ignored="3" name="Regression TestFirefox" tests="10" failures="0" timestamp="2020-07-29T17:21:56 IST" time="120.025" errors="0">
  <testcase name="getWebsite" time="8.067" classname="com.zigwheels.test.ZigwheelsTest"/>
  <testcase name="usedCars" time="6.859" classname="com.zigwheels.test.ZigwheelsTest"/>
  <testcase name="assertCars" time="0.045" classname="com.zigwheels.test.ZigwheelsTest"/>
  <testcase name="switchLogin" time="4.106" classname="com.zigwheels.test.ZigwheelsTest"/>
  <testcase name="LoginPage" time="6.232" classname="com.zigwheels.test.ZigwheelsTest"/>
  <testcase name="assertBug" time="28.236" classname="com.zigwheels.test.ZigwheelsTest"/>
  <testcase name="getWebsite" time="12.02" classname="com.zigwheels.test.ZigWheelsValidTest"/>
  <testcase name="Login" time="5.125" classname="com.zigwheels.test.ZigWheelsValidTest"/>
  <testcase name="LoginPage" time="5.809" classname="com.zigwheels.test.ZigWheelsValidTest"/>
  <testcase name="assertReEnterPass" time="19.892" classname="com.zigwheels.test.ZigWheelsValidTest"/>
  <testcase name="uiHandles" time="0.0" classname="com.zigwheels.test.ZigwheelsTest">
    <ignored/>
  </testcase> <!-- uiHandles -->
  <testcase name="takeScreenshot" time="0.0" classname="com.zigwheels.test.ZigwheelsTest">
    <ignored/>
  </testcase> <!-- takeScreenshot -->
  <testcase name="writeExcel" time="0.0" classname="com.zigwheels.test.ZigwheelsTest">
    <ignored/>
  </testcase> <!-- writeExcel -->
</testsuite> <!-- Regression TestFirefox -->
