<?xml version="1.0" encoding="UTF-8"?>
<!-- Generated by org.testng.reporters.JUnitXMLReporter -->
<testsuite hostname="LAPTOP-DEFT9I3H" ignored="3" name="Regression TestMsedge" tests="10" failures="0" timestamp="2020-07-29T17:25:28 IST" time="111.397" errors="0">
  <testcase name="getWebsite" time="9.491" classname="com.zigwheels.test.ZigwheelsTest"/>
  <testcase name="usedCars" time="8.645" classname="com.zigwheels.test.ZigwheelsTest"/>
  <testcase name="assertCars" time="0.03" classname="com.zigwheels.test.ZigwheelsTest"/>
  <testcase name="switchLogin" time="5.762" classname="com.zigwheels.test.ZigwheelsTest"/>
  <testcase name="LoginPage" time="0.246" classname="com.zigwheels.test.ZigwheelsTest"/>
  <testcase name="assertBug" time="34.264" classname="com.zigwheels.test.ZigwheelsTest"/>
  <testcase name="getWebsite" time="9.388" classname="com.zigwheels.test.ZigWheelsValidTest"/>
  <testcase name="Login" time="6.489" classname="com.zigwheels.test.ZigWheelsValidTest"/>
  <testcase name="LoginPage" time="0.225" classname="com.zigwheels.test.ZigWheelsValidTest"/>
  <testcase name="assertReEnterPass" time="22.441" classname="com.zigwheels.test.ZigWheelsValidTest"/>
  <testcase name="uiHandles" time="0.0" classname="com.zigwheels.test.ZigwheelsTest">
    <ignored/>
  </testcase> <!-- uiHandles -->
  <testcase name="takeScreenshot" time="0.0" classname="com.zigwheels.test.ZigwheelsTest">
    <ignored/>
  </testcase> <!-- takeScreenshot -->
  <testcase name="writeExcel" time="0.0" classname="com.zigwheels.test.ZigwheelsTest">
    <ignored/>
  </testcase> <!-- writeExcel -->
</testsuite> <!-- Regression TestMsedge -->
