<?xml version="1.0" encoding="UTF-8"?>
<!-- Generated by org.testng.reporters.JUnitXMLReporter -->
<testsuite hostname="LAPTOP-DEFT9I3H" ignored="3" name="Regression TestChrome" tests="10" failures="0" timestamp="2020-07-29T17:23:37 IST" time="100.922" errors="0">
  <testcase name="getWebsite" time="1.597" classname="com.zigwheels.test.ZigwheelsTest"/>
  <testcase name="usedCars" time="10.406" classname="com.zigwheels.test.ZigwheelsTest"/>
  <testcase name="assertCars" time="0.03" classname="com.zigwheels.test.ZigwheelsTest"/>
  <testcase name="switchLogin" time="5.52" classname="com.zigwheels.test.ZigwheelsTest"/>
  <testcase name="LoginPage" time="0.36" classname="com.zigwheels.test.ZigwheelsTest"/>
  <testcase name="assertBug" time="34.165" classname="com.zigwheels.test.ZigwheelsTest"/>
  <testcase name="getWebsite" time="5.122" classname="com.zigwheels.test.ZigWheelsValidTest"/>
  <testcase name="Login" time="6.469" classname="com.zigwheels.test.ZigWheelsValidTest"/>
  <testcase name="LoginPage" time="0.324" classname="com.zigwheels.test.ZigWheelsValidTest"/>
  <testcase name="assertReEnterPass" time="24.518" classname="com.zigwheels.test.ZigWheelsValidTest"/>
  <testcase name="uiHandles" time="0.0" classname="com.zigwheels.test.ZigwheelsTest">
    <ignored/>
  </testcase> <!-- uiHandles -->
  <testcase name="takeScreenshot" time="0.0" classname="com.zigwheels.test.ZigwheelsTest">
    <ignored/>
  </testcase> <!-- takeScreenshot -->
  <testcase name="writeExcel" time="0.0" classname="com.zigwheels.test.ZigwheelsTest">
    <ignored/>
  </testcase> <!-- writeExcel -->
</testsuite> <!-- Regression TestChrome -->
